[14-Oct-2021 07:59:55 Europe/Berlin] 
[14-Oct-2021 07:59:55 Europe/Berlin] 1:admin:gl_db_rates.inc:157: file_get_contents(): php_network_getaddresses: getaddrinfo failed: Name or service not known
[14-Oct-2021 07:59:55 Europe/Berlin] 1:admin:gl_db_rates.inc:157: file_get_contents(https://www.google.com/search?q=USD+to+KES): failed to open stream: php_network_getaddresses: getaddrinfo failed: Name or service not known
[14-Oct-2021 08:21:28 Europe/Berlin] 
[14-Oct-2021 08:21:28 Europe/Berlin] 1:admin:gl_db_rates.inc:157: file_get_contents(): php_network_getaddresses: getaddrinfo failed: Name or service not known
[14-Oct-2021 08:21:28 Europe/Berlin] 1:admin:gl_db_rates.inc:157: file_get_contents(https://www.google.com/search?q=USD+to+KES): failed to open stream: php_network_getaddresses: getaddrinfo failed: Name or service not known
[14-Oct-2021 08:23:25 Europe/Berlin] trans_view
[14-Oct-2021 08:23:25 Europe/Berlin] edit_link
[14-Oct-2021 08:23:25 Europe/Berlin] receive_link
[14-Oct-2021 08:23:25 Europe/Berlin] prt_link
[14-Oct-2021 08:23:25 Europe/Berlin] trans_view
[14-Oct-2021 08:23:25 Europe/Berlin] edit_link
[14-Oct-2021 08:23:25 Europe/Berlin] receive_link
[14-Oct-2021 08:23:25 Europe/Berlin] prt_link
[14-Oct-2021 08:23:25 Europe/Berlin] trans_view
[14-Oct-2021 08:23:25 Europe/Berlin] edit_link
[14-Oct-2021 08:23:25 Europe/Berlin] receive_link
[14-Oct-2021 08:23:25 Europe/Berlin] prt_link
[14-Oct-2021 08:23:25 Europe/Berlin] trans_view
[14-Oct-2021 08:23:25 Europe/Berlin] edit_link
[14-Oct-2021 08:23:25 Europe/Berlin] receive_link
[14-Oct-2021 08:23:25 Europe/Berlin] prt_link
[14-Oct-2021 08:23:25 Europe/Berlin] trans_view
[14-Oct-2021 08:23:25 Europe/Berlin] edit_link
[14-Oct-2021 08:23:25 Europe/Berlin] receive_link
[14-Oct-2021 08:23:25 Europe/Berlin] prt_link
[14-Oct-2021 08:23:25 Europe/Berlin] trans_view
[14-Oct-2021 08:23:25 Europe/Berlin] edit_link
[14-Oct-2021 08:23:25 Europe/Berlin] receive_link
[14-Oct-2021 08:23:25 Europe/Berlin] prt_link
[14-Oct-2021 08:52:45 Europe/Berlin] trans_view
[14-Oct-2021 08:52:45 Europe/Berlin] edit_link
[14-Oct-2021 08:52:45 Europe/Berlin] receive_link
[14-Oct-2021 08:52:45 Europe/Berlin] prt_link
[14-Oct-2021 08:52:45 Europe/Berlin] trans_view
[14-Oct-2021 08:52:45 Europe/Berlin] edit_link
[14-Oct-2021 08:52:45 Europe/Berlin] receive_link
[14-Oct-2021 08:52:45 Europe/Berlin] prt_link
[14-Oct-2021 08:52:45 Europe/Berlin] trans_view
[14-Oct-2021 08:52:45 Europe/Berlin] edit_link
[14-Oct-2021 08:52:45 Europe/Berlin] receive_link
[14-Oct-2021 08:52:45 Europe/Berlin] prt_link
[14-Oct-2021 08:52:45 Europe/Berlin] trans_view
[14-Oct-2021 08:52:45 Europe/Berlin] edit_link
[14-Oct-2021 08:52:45 Europe/Berlin] receive_link
[14-Oct-2021 08:52:45 Europe/Berlin] prt_link
[14-Oct-2021 08:52:45 Europe/Berlin] trans_view
[14-Oct-2021 08:52:45 Europe/Berlin] edit_link
[14-Oct-2021 08:52:45 Europe/Berlin] receive_link
[14-Oct-2021 08:52:45 Europe/Berlin] prt_link
[14-Oct-2021 08:52:45 Europe/Berlin] trans_view
[14-Oct-2021 08:52:45 Europe/Berlin] edit_link
[14-Oct-2021 08:52:45 Europe/Berlin] receive_link
[14-Oct-2021 08:52:45 Europe/Berlin] prt_link
[14-Oct-2021 09:45:16 Europe/Berlin] trans_view
[14-Oct-2021 09:45:16 Europe/Berlin] edit_link
[14-Oct-2021 09:45:16 Europe/Berlin] receive_link
[14-Oct-2021 09:45:16 Europe/Berlin] prt_link
[14-Oct-2021 09:45:16 Europe/Berlin] trans_view
[14-Oct-2021 09:45:16 Europe/Berlin] edit_link
[14-Oct-2021 09:45:16 Europe/Berlin] receive_link
[14-Oct-2021 09:45:16 Europe/Berlin] prt_link
[14-Oct-2021 09:45:16 Europe/Berlin] trans_view
[14-Oct-2021 09:45:16 Europe/Berlin] edit_link
[14-Oct-2021 09:45:16 Europe/Berlin] receive_link
[14-Oct-2021 09:45:16 Europe/Berlin] prt_link
[14-Oct-2021 09:45:16 Europe/Berlin] trans_view
[14-Oct-2021 09:45:16 Europe/Berlin] edit_link
[14-Oct-2021 09:45:16 Europe/Berlin] receive_link
[14-Oct-2021 09:45:16 Europe/Berlin] prt_link
[14-Oct-2021 09:45:16 Europe/Berlin] trans_view
[14-Oct-2021 09:45:16 Europe/Berlin] edit_link
[14-Oct-2021 09:45:16 Europe/Berlin] receive_link
[14-Oct-2021 09:45:16 Europe/Berlin] prt_link
[14-Oct-2021 09:45:16 Europe/Berlin] trans_view
[14-Oct-2021 09:45:16 Europe/Berlin] edit_link
[14-Oct-2021 09:45:16 Europe/Berlin] receive_link
[14-Oct-2021 09:45:16 Europe/Berlin] prt_link
[14-Oct-2021 09:52:44 Europe/Berlin] trans_view
[14-Oct-2021 09:52:44 Europe/Berlin] edit_link
[14-Oct-2021 09:52:44 Europe/Berlin] receive_link
[14-Oct-2021 09:52:44 Europe/Berlin] prt_link
[14-Oct-2021 09:52:44 Europe/Berlin] trans_view
[14-Oct-2021 09:52:44 Europe/Berlin] edit_link
[14-Oct-2021 09:52:44 Europe/Berlin] receive_link
[14-Oct-2021 09:52:44 Europe/Berlin] prt_link
[14-Oct-2021 09:52:44 Europe/Berlin] trans_view
[14-Oct-2021 09:52:44 Europe/Berlin] edit_link
[14-Oct-2021 09:52:44 Europe/Berlin] receive_link
[14-Oct-2021 09:52:44 Europe/Berlin] prt_link
[14-Oct-2021 09:52:44 Europe/Berlin] trans_view
[14-Oct-2021 09:52:44 Europe/Berlin] edit_link
[14-Oct-2021 09:52:44 Europe/Berlin] receive_link
[14-Oct-2021 09:52:44 Europe/Berlin] prt_link
[14-Oct-2021 09:52:44 Europe/Berlin] trans_view
[14-Oct-2021 09:52:44 Europe/Berlin] edit_link
[14-Oct-2021 09:52:44 Europe/Berlin] receive_link
[14-Oct-2021 09:52:44 Europe/Berlin] prt_link
[14-Oct-2021 09:52:44 Europe/Berlin] trans_view
[14-Oct-2021 09:52:44 Europe/Berlin] edit_link
[14-Oct-2021 09:52:44 Europe/Berlin] receive_link
[14-Oct-2021 09:52:44 Europe/Berlin] prt_link
[14-Oct-2021 09:57:03 Europe/Berlin] 1:admin:connect_db_mysqli.inc:110: mysqli_fetch_array() expects parameter 1 to be mysqli_result, null given
[14-Oct-2021 10:00:25 Europe/Berlin] 1:admin:connect_db_mysqli.inc:110: mysqli_fetch_array() expects parameter 1 to be mysqli_result, null given
[14-Oct-2021 10:00:38 Europe/Berlin] 1:admin:connect_db_mysqli.inc:110: mysqli_fetch_array() expects parameter 1 to be mysqli_result, null given
[14-Oct-2021 10:00:49 Europe/Berlin] 1:admin:connect_db_mysqli.inc:110: mysqli_fetch_array() expects parameter 1 to be mysqli_result, null given
[14-Oct-2021 10:50:27 Europe/Berlin] trans_view
[14-Oct-2021 10:50:27 Europe/Berlin] edit_link
[14-Oct-2021 10:50:27 Europe/Berlin] receive_link
[14-Oct-2021 10:50:27 Europe/Berlin] prt_link
[14-Oct-2021 10:50:27 Europe/Berlin] trans_view
[14-Oct-2021 10:50:27 Europe/Berlin] edit_link
[14-Oct-2021 10:50:27 Europe/Berlin] receive_link
[14-Oct-2021 10:50:27 Europe/Berlin] prt_link
[14-Oct-2021 10:50:27 Europe/Berlin] trans_view
[14-Oct-2021 10:50:27 Europe/Berlin] edit_link
[14-Oct-2021 10:50:27 Europe/Berlin] receive_link
[14-Oct-2021 10:50:27 Europe/Berlin] prt_link
[14-Oct-2021 10:50:27 Europe/Berlin] trans_view
[14-Oct-2021 10:50:27 Europe/Berlin] edit_link
[14-Oct-2021 10:50:27 Europe/Berlin] receive_link
[14-Oct-2021 10:50:27 Europe/Berlin] prt_link
[14-Oct-2021 10:50:27 Europe/Berlin] trans_view
[14-Oct-2021 10:50:27 Europe/Berlin] edit_link
[14-Oct-2021 10:50:27 Europe/Berlin] receive_link
[14-Oct-2021 10:50:27 Europe/Berlin] prt_link
[14-Oct-2021 10:50:27 Europe/Berlin] trans_view
[14-Oct-2021 10:50:27 Europe/Berlin] edit_link
[14-Oct-2021 10:50:27 Europe/Berlin] receive_link
[14-Oct-2021 10:50:27 Europe/Berlin] prt_link
[14-Oct-2021 20:26:26 Europe/Berlin] trans_view
[14-Oct-2021 20:26:26 Europe/Berlin] edit_link
[14-Oct-2021 20:26:26 Europe/Berlin] receive_link
[14-Oct-2021 20:26:26 Europe/Berlin] prt_link
[14-Oct-2021 20:26:26 Europe/Berlin] trans_view
[14-Oct-2021 20:26:26 Europe/Berlin] edit_link
[14-Oct-2021 20:26:26 Europe/Berlin] receive_link
[14-Oct-2021 20:26:26 Europe/Berlin] prt_link
[14-Oct-2021 20:26:26 Europe/Berlin] trans_view
[14-Oct-2021 20:26:26 Europe/Berlin] edit_link
[14-Oct-2021 20:26:26 Europe/Berlin] receive_link
[14-Oct-2021 20:26:26 Europe/Berlin] prt_link
[14-Oct-2021 20:26:26 Europe/Berlin] trans_view
[14-Oct-2021 20:26:26 Europe/Berlin] edit_link
[14-Oct-2021 20:26:26 Europe/Berlin] receive_link
[14-Oct-2021 20:26:26 Europe/Berlin] prt_link
[14-Oct-2021 20:26:26 Europe/Berlin] trans_view
[14-Oct-2021 20:26:26 Europe/Berlin] edit_link
[14-Oct-2021 20:26:26 Europe/Berlin] receive_link
[14-Oct-2021 20:26:26 Europe/Berlin] prt_link
[14-Oct-2021 20:26:26 Europe/Berlin] trans_view
[14-Oct-2021 20:26:26 Europe/Berlin] edit_link
[14-Oct-2021 20:26:26 Europe/Berlin] receive_link
[14-Oct-2021 20:26:26 Europe/Berlin] prt_link
[15-Oct-2021 05:23:15 Europe/Berlin] trans_view
[15-Oct-2021 05:23:15 Europe/Berlin] edit_link
[15-Oct-2021 05:23:15 Europe/Berlin] receive_link
[15-Oct-2021 05:23:15 Europe/Berlin] prt_link
[15-Oct-2021 05:23:15 Europe/Berlin] trans_view
[15-Oct-2021 05:23:15 Europe/Berlin] edit_link
[15-Oct-2021 05:23:15 Europe/Berlin] receive_link
[15-Oct-2021 05:23:15 Europe/Berlin] prt_link
[15-Oct-2021 05:23:15 Europe/Berlin] trans_view
[15-Oct-2021 05:23:15 Europe/Berlin] edit_link
[15-Oct-2021 05:23:15 Europe/Berlin] receive_link
[15-Oct-2021 05:23:15 Europe/Berlin] prt_link
[15-Oct-2021 05:23:15 Europe/Berlin] trans_view
[15-Oct-2021 05:23:15 Europe/Berlin] edit_link
[15-Oct-2021 05:23:15 Europe/Berlin] receive_link
[15-Oct-2021 05:23:15 Europe/Berlin] prt_link
[15-Oct-2021 05:23:15 Europe/Berlin] trans_view
[15-Oct-2021 05:23:15 Europe/Berlin] edit_link
[15-Oct-2021 05:23:15 Europe/Berlin] receive_link
[15-Oct-2021 05:23:15 Europe/Berlin] prt_link
[15-Oct-2021 05:23:15 Europe/Berlin] trans_view
[15-Oct-2021 05:23:15 Europe/Berlin] edit_link
[15-Oct-2021 05:23:15 Europe/Berlin] receive_link
[15-Oct-2021 05:23:15 Europe/Berlin] prt_link
[15-Oct-2021 05:23:15 Europe/Berlin] trans_view
[15-Oct-2021 05:23:15 Europe/Berlin] edit_link
[15-Oct-2021 05:23:15 Europe/Berlin] receive_link
[15-Oct-2021 05:23:15 Europe/Berlin] prt_link
[15-Oct-2021 05:23:15 Europe/Berlin] trans_view
[15-Oct-2021 05:23:15 Europe/Berlin] edit_link
[15-Oct-2021 05:23:15 Europe/Berlin] receive_link
[15-Oct-2021 05:23:15 Europe/Berlin] prt_link
[15-Oct-2021 05:23:15 Europe/Berlin] trans_view
[15-Oct-2021 05:23:15 Europe/Berlin] edit_link
[15-Oct-2021 05:23:15 Europe/Berlin] receive_link
[15-Oct-2021 05:23:15 Europe/Berlin] prt_link
[15-Oct-2021 05:23:15 Europe/Berlin] trans_view
[15-Oct-2021 05:23:15 Europe/Berlin] edit_link
[15-Oct-2021 05:23:15 Europe/Berlin] receive_link
[15-Oct-2021 05:23:15 Europe/Berlin] prt_link
[15-Oct-2021 05:23:15 Europe/Berlin] trans_view
[15-Oct-2021 05:23:15 Europe/Berlin] edit_link
[15-Oct-2021 05:23:15 Europe/Berlin] receive_link
[15-Oct-2021 05:23:15 Europe/Berlin] prt_link
[15-Oct-2021 05:23:15 Europe/Berlin] trans_view
[15-Oct-2021 05:23:15 Europe/Berlin] edit_link
[15-Oct-2021 05:23:15 Europe/Berlin] receive_link
[15-Oct-2021 05:23:15 Europe/Berlin] prt_link
[15-Oct-2021 05:29:43 Europe/Berlin] 1:admin:connect_db_mysqli.inc:110: mysqli_fetch_array() expects parameter 1 to be mysqli_result, array given
[15-Oct-2021 05:30:00 Europe/Berlin] 1:admin:connect_db_mysqli.inc:110: mysqli_fetch_array() expects parameter 1 to be mysqli_result, array given
[15-Oct-2021 05:30:15 Europe/Berlin] 1:admin:connect_db_mysqli.inc:110: mysqli_fetch_array() expects parameter 1 to be mysqli_result, array given
[15-Oct-2021 06:59:44 Europe/Berlin] trans_view
[15-Oct-2021 06:59:44 Europe/Berlin] edit_link
[15-Oct-2021 06:59:44 Europe/Berlin] receive_link
[15-Oct-2021 06:59:44 Europe/Berlin] prt_link
[15-Oct-2021 06:59:44 Europe/Berlin] trans_view
[15-Oct-2021 06:59:44 Europe/Berlin] edit_link
[15-Oct-2021 06:59:44 Europe/Berlin] receive_link
[15-Oct-2021 06:59:44 Europe/Berlin] prt_link
[15-Oct-2021 06:59:44 Europe/Berlin] trans_view
[15-Oct-2021 06:59:44 Europe/Berlin] edit_link
[15-Oct-2021 06:59:44 Europe/Berlin] receive_link
[15-Oct-2021 06:59:44 Europe/Berlin] prt_link
[15-Oct-2021 06:59:44 Europe/Berlin] trans_view
[15-Oct-2021 06:59:44 Europe/Berlin] edit_link
[15-Oct-2021 06:59:44 Europe/Berlin] receive_link
[15-Oct-2021 06:59:44 Europe/Berlin] prt_link
[15-Oct-2021 06:59:44 Europe/Berlin] trans_view
[15-Oct-2021 06:59:44 Europe/Berlin] edit_link
[15-Oct-2021 06:59:44 Europe/Berlin] receive_link
[15-Oct-2021 06:59:44 Europe/Berlin] prt_link
[15-Oct-2021 06:59:44 Europe/Berlin] trans_view
[15-Oct-2021 06:59:44 Europe/Berlin] edit_link
[15-Oct-2021 06:59:44 Europe/Berlin] receive_link
[15-Oct-2021 06:59:44 Europe/Berlin] prt_link
[15-Oct-2021 09:20:00 Europe/Berlin] trans_view
[15-Oct-2021 09:20:00 Europe/Berlin] edit_link
[15-Oct-2021 09:20:00 Europe/Berlin] receive_link
[15-Oct-2021 09:20:00 Europe/Berlin] prt_link
[15-Oct-2021 09:20:00 Europe/Berlin] trans_view
[15-Oct-2021 09:20:00 Europe/Berlin] edit_link
[15-Oct-2021 09:20:00 Europe/Berlin] receive_link
[15-Oct-2021 09:20:00 Europe/Berlin] prt_link
[15-Oct-2021 09:20:00 Europe/Berlin] trans_view
[15-Oct-2021 09:20:00 Europe/Berlin] edit_link
[15-Oct-2021 09:20:00 Europe/Berlin] receive_link
[15-Oct-2021 09:20:00 Europe/Berlin] prt_link
[15-Oct-2021 09:20:00 Europe/Berlin] trans_view
[15-Oct-2021 09:20:00 Europe/Berlin] edit_link
[15-Oct-2021 09:20:00 Europe/Berlin] receive_link
[15-Oct-2021 09:20:00 Europe/Berlin] prt_link
[15-Oct-2021 09:20:00 Europe/Berlin] trans_view
[15-Oct-2021 09:20:00 Europe/Berlin] edit_link
[15-Oct-2021 09:20:00 Europe/Berlin] receive_link
[15-Oct-2021 09:20:00 Europe/Berlin] prt_link
[15-Oct-2021 09:20:00 Europe/Berlin] trans_view
[15-Oct-2021 09:20:00 Europe/Berlin] edit_link
[15-Oct-2021 09:20:00 Europe/Berlin] receive_link
[15-Oct-2021 09:20:00 Europe/Berlin] prt_link
[15-Oct-2021 09:20:00 Europe/Berlin] trans_view
[15-Oct-2021 09:20:00 Europe/Berlin] edit_link
[15-Oct-2021 09:20:00 Europe/Berlin] receive_link
[15-Oct-2021 09:20:00 Europe/Berlin] prt_link
